<?xml version="1.0" encoding="UTF-8"?>
<testsuite name="demo.AppTest" tests="1" skipped="0" failures="0" errors="0" timestamp="2023-12-17T15:40:52" hostname="Kamars-MacBook-Pro.local" time="0.004">
  <properties/>
  <testcase name="appHasAGreeting" classname="demo.AppTest" time="0.004"/>
  <system-out><![CDATA[]]></system-out>
  <system-err><![CDATA[]]></system-err>
</testsuite>
